<?xml version="1.0" encoding="UTF-8" ?>
<testsuite errors="1" failures="0" hostname="DESKTOP-6MHVG12" name="charitybox.jsp.UserClassTest" skipped="0" tests="1" time="0.129" timestamp="2020-04-23T21:58:55">
  <properties>
[...]
</properties>
  <testcase classname="charitybox.jsp.UserClassTest" name="initializationError" time="0.009">
    <error message="Invalid test class &apos;charitybox.jsp.UserClassTest&apos;:&#xa;  1. The class charitybox.jsp.UserClassTest is not public.&#xa;  2. Test class should have exactly one public constructor&#xa;  3. No runnable methods" type="org.junit.runners.model.InvalidTestClassError">org.junit.runners.model.InvalidTestClassError: Invalid test class &apos;charitybox.jsp.UserClassTest&apos;:
  1. The class charitybox.jsp.UserClassTest is not public.
  2. Test class should have exactly one public constructor
  3. No runnable methods
	at java.base/jdk.internal.reflect.NativeConstructorAccessorImpl.newInstance0(Native Method)
	at java.base/jdk.internal.reflect.NativeConstructorAccessorImpl.newInstance(NativeConstructorAccessorImpl.java:62)
	at java.base/jdk.internal.reflect.DelegatingConstructorAccessorImpl.newInstance(DelegatingConstructorAccessorImpl.java:45)
	at java.base/java.lang.reflect.Constructor.newInstanceWithCaller(Constructor.java:500)
	at java.base/java.lang.reflect.Constructor.newInstance(Constructor.java:481)
</error>
  </testcase>
  <system-out><![CDATA[]]></system-out>
  <system-err><![CDATA[]]></system-err>
</testsuite>
